<?xml version="1.0" encoding="UTF-8"?>
<!-- Generated by org.testng.reporters.JUnitXMLReporter -->
<testsuite hostname="LAPTOP-UCKVVCIT" ignored="0" name="Test" tests="1" failures="0" timestamp="26 Apr 2020 08:02:15 GMT" time="3.645" errors="0">
  <testcase name="@BeforeMethod startProcess" time="3.557" classname="com.SeleniumCorona.TC_001">
    <failure type="org.openqa.selenium.InvalidArgumentException" message="invalid argument: user data directory is already in use, please specify a unique value for --user-data-dir argument, or don&amp;apos;t use --user-data-dir
Build info: version: &amp;apos;3.141.59&amp;apos;, revision: &amp;apos;e82be7d358&amp;apos;, time: &amp;apos;2018-11-14T08:17:03&amp;apos;
System info: host: &amp;apos;LAPTOP-UCKVVCIT&amp;apos;, ip: &amp;apos;192.168.0.103&amp;apos;, os.name: &amp;apos;Windows 10&amp;apos;, os.arch: &amp;apos;amd64&amp;apos;, os.version: &amp;apos;10.0&amp;apos;, java.version: &amp;apos;1.8.0_241&amp;apos;
Driver info: driver.version: ChromeDriver
remote stacktrace: Backtrace:
	Ordinal0 [0x014E0C83+1707139]
	Ordinal0 [0x014468F1+1075441]
	Ordinal0 [0x013BDFC9+516041]
	Ordinal0 [0x0134D310+54032]
	Ordinal0 [0x0136BFD7+180183]
	Ordinal0 [0x0136BDDD+179677]
	Ordinal0 [0x01369D4B+171339]
	Ordinal0 [0x01351D4A+73034]
	Ordinal0 [0x01352DC0+77248]
	Ordinal0 [0x01352D59+77145]
	Ordinal0 [0x0145BB67+1162087]
	GetHandleVerifier [0x0157A966+508998]
	GetHandleVerifier [0x0157A6A4+508292]
	GetHandleVerifier [0x0158F7B7+594583]
	GetHandleVerifier [0x0157B1D6+511158]
	Ordinal0 [0x0145402C+1130540]
	Ordinal0 [0x0145D4CB+1168587]
	Ordinal0 [0x0145D633+1168947]
	Ordinal0 [0x01475B35+1268533]
	BaseThreadInitThunk [0x765D0419+25]
	RtlGetAppContainerNamedObjectPath [0x77CD66DD+237]
	RtlGetAppContainerNamedObjectPath [0x77CD66AD+189]
">
      <![CDATA[org.openqa.selenium.InvalidArgumentException: invalid argument: user data directory is already in use, please specify a unique value for --user-data-dir argument, or don't use --user-data-dir
Build info: version: '3.141.59', revision: 'e82be7d358', time: '2018-11-14T08:17:03'
System info: host: 'LAPTOP-UCKVVCIT', ip: '192.168.0.103', os.name: 'Windows 10', os.arch: 'amd64', os.version: '10.0', java.version: '1.8.0_241'
Driver info: driver.version: ChromeDriver
remote stacktrace: Backtrace:
Ordinal0 [0x014E0C83+1707139]
Ordinal0 [0x014468F1+1075441]
Ordinal0 [0x013BDFC9+516041]
Ordinal0 [0x0134D310+54032]
Ordinal0 [0x0136BFD7+180183]
Ordinal0 [0x0136BDDD+179677]
Ordinal0 [0x01369D4B+171339]
Ordinal0 [0x01351D4A+73034]
Ordinal0 [0x01352DC0+77248]
Ordinal0 [0x01352D59+77145]
Ordinal0 [0x0145BB67+1162087]
GetHandleVerifier [0x0157A966+508998]
GetHandleVerifier [0x0157A6A4+508292]
GetHandleVerifier [0x0158F7B7+594583]
GetHandleVerifier [0x0157B1D6+511158]
Ordinal0 [0x0145402C+1130540]
Ordinal0 [0x0145D4CB+1168587]
Ordinal0 [0x0145D633+1168947]
Ordinal0 [0x01475B35+1268533]
BaseThreadInitThunk [0x765D0419+25]
RtlGetAppContainerNamedObjectPath [0x77CD66DD+237]
RtlGetAppContainerNamedObjectPath [0x77CD66AD+189]

at org.openqa.selenium.remote.W3CHandshakeResponse.lambda$errorHandler$0(W3CHandshakeResponse.java:62)
at org.openqa.selenium.remote.HandshakeResponse.lambda$getResponseFunction$0(HandshakeResponse.java:30)
at org.openqa.selenium.remote.ProtocolHandshake.lambda$createSession$0(ProtocolHandshake.java:126)
at java.util.stream.ReferencePipeline$3$1.accept(Unknown Source)
at java.util.Spliterators$ArraySpliterator.tryAdvance(Unknown Source)
at java.util.stream.ReferencePipeline.forEachWithCancel(Unknown Source)
at java.util.stream.AbstractPipeline.copyIntoWithCancel(Unknown Source)
at java.util.stream.AbstractPipeline.copyInto(Unknown Source)
at java.util.stream.AbstractPipeline.wrapAndCopyInto(Unknown Source)
at java.util.stream.FindOps$FindOp.evaluateSequential(Unknown Source)
at java.util.stream.AbstractPipeline.evaluate(Unknown Source)
at java.util.stream.ReferencePipeline.findFirst(Unknown Source)
at org.openqa.selenium.remote.ProtocolHandshake.createSession(ProtocolHandshake.java:128)
at org.openqa.selenium.remote.ProtocolHandshake.createSession(ProtocolHandshake.java:74)
at org.openqa.selenium.remote.HttpCommandExecutor.execute(HttpCommandExecutor.java:136)
at org.openqa.selenium.remote.service.DriverCommandExecutor.execute(DriverCommandExecutor.java:83)
at org.openqa.selenium.remote.RemoteWebDriver.execute(RemoteWebDriver.java:552)
at org.openqa.selenium.remote.RemoteWebDriver.startSession(RemoteWebDriver.java:213)
at org.openqa.selenium.remote.RemoteWebDriver.<init>(RemoteWebDriver.java:131)
at org.openqa.selenium.chrome.ChromeDriver.<init>(ChromeDriver.java:181)
at org.openqa.selenium.chrome.ChromeDriver.<init>(ChromeDriver.java:168)
at org.openqa.selenium.chrome.ChromeDriver.<init>(ChromeDriver.java:157)
at com.practise.BaseTest.openBrowser(BaseTest.java:76)
at com.SeleniumCorona.TC_001.startProcess(TC_001.java:26)
at java.util.concurrent.ThreadPoolExecutor.runWorker(Unknown Source)
at java.util.concurrent.ThreadPoolExecutor$Worker.run(Unknown Source)
at java.lang.Thread.run(Unknown Source)
... Removed 25 stack frames]]>
    </failure>
  </testcase> <!-- @BeforeMethod startProcess -->
  <testcase name="@AfterMethod endProcess" time="0.0" classname="com.SeleniumCorona.TC_001">
    <skipped/>
  </testcase> <!-- @AfterMethod endProcess -->
  <testcase name="amazon" time="0.0" classname="com.SeleniumCorona.TC_001">
    <skipped/>
  </testcase> <!-- amazon -->
</testsuite> <!-- Test -->
